Jun-27 15:29:14.047 [main] DEBUG nextflow.cli.Launcher - $> nextflow run main.nf -profile large_dataset --input /home/cdcadmin/Downloads/bp_subset_100 --outdir /home/cdcadmin/Downloads/bp_subset_100/results_resumed --parsnp_outputs ./parsnp_outputs --snp_package parsnp --recombination gubbins --max_memory 480.GB -resume
Jun-27 15:29:14.144 [main] DEBUG nextflow.cli.CmdRun - N E X T F L O W  ~  version 24.04.3
Jun-27 15:29:14.163 [main] DEBUG nextflow.plugin.PluginsFacade - Setting up plugin manager > mode=prod; embedded=false; plugins-dir=/home/cdcadmin/.nextflow/plugins; core-plugins: nf-amazon@2.5.2,nf-azure@1.6.0,nf-cloudcache@0.4.1,nf-codecommit@0.2.0,nf-console@1.1.3,nf-ga4gh@1.3.0,nf-google@1.13.2-patch1,nf-tower@1.9.1,nf-wave@1.4.2
Jun-27 15:29:14.172 [main] INFO  o.pf4j.DefaultPluginStatusProvider - Enabled plugins: []
Jun-27 15:29:14.173 [main] INFO  o.pf4j.DefaultPluginStatusProvider - Disabled plugins: []
Jun-27 15:29:14.176 [main] INFO  org.pf4j.DefaultPluginManager - PF4J version 3.10.0 in 'deployment' mode
Jun-27 15:29:14.187 [main] INFO  org.pf4j.AbstractPluginManager - No plugins
Jun-27 15:29:14.207 [main] DEBUG nextflow.config.ConfigBuilder - Found config local: /home/cdcadmin/wf-assembly-snps/nextflow.config
Jun-27 15:29:14.209 [main] DEBUG nextflow.config.ConfigBuilder - Parsing config file: /home/cdcadmin/wf-assembly-snps/nextflow.config
Jun-27 15:29:14.233 [main] DEBUG n.secret.LocalSecretsProvider - Secrets store: /home/cdcadmin/.nextflow/secrets/store.json
Jun-27 15:29:14.236 [main] DEBUG nextflow.secret.SecretsLoader - Discovered secrets providers: [nextflow.secret.LocalSecretsProvider@267bbe1a] - activable => nextflow.secret.LocalSecretsProvider@267bbe1a
Jun-27 15:29:14.248 [main] DEBUG nextflow.config.ConfigBuilder - Applying config profile: `large_dataset`
Jun-27 15:29:15.522 [main] DEBUG nextflow.config.ConfigBuilder - Available config profiles: [aspen_hpc, slurm, debug, shifter, test, conda, singularity, rosalind_hpc, large_dataset, dgx_a100, test_full, docker]
Jun-27 15:29:15.563 [main] DEBUG nextflow.cli.CmdRun - Applied DSL=2 from script declaration
Jun-27 15:29:15.578 [main] DEBUG nextflow.cli.CmdRun - Launching `main.nf` [distraught_plateau] DSL2 - revision: 5117d6d157
Jun-27 15:29:15.580 [main] DEBUG nextflow.plugin.PluginsFacade - Plugins default=[]
Jun-27 15:29:15.580 [main] DEBUG nextflow.plugin.PluginsFacade - Plugins resolved requirement=[]
Jun-27 15:29:15.628 [main] DEBUG nextflow.Session - Session UUID: dbbe83d8-9a14-4499-afbb-b1a8eb892627
Jun-27 15:29:15.629 [main] DEBUG nextflow.Session - Run name: distraught_plateau
Jun-27 15:29:15.629 [main] DEBUG nextflow.Session - Executor pool size: 128
Jun-27 15:29:15.643 [main] DEBUG nextflow.file.FilePorter - File porter settings maxRetries=3; maxTransfers=50; pollTimeout=null
Jun-27 15:29:15.647 [main] DEBUG nextflow.util.ThreadPoolBuilder - Creating thread pool 'FileTransfer' minSize=10; maxSize=384; workQueue=LinkedBlockingQueue[10000]; allowCoreThreadTimeout=false
Jun-27 15:29:15.664 [main] DEBUG nextflow.cli.CmdRun - 
  Version: 24.04.3 build 5916
  Created: 09-07-2024 19:35 UTC (10-07-2024 02:35 ICST)
  System: Linux 5.4.0-169-generic
  Runtime: Groovy 4.0.21 on OpenJDK 64-Bit Server VM 17.0.10+7
  Encoding: UTF-8 (UTF-8)
  Process: 1305695@dgx-a100 [192.168.1.11]
  CPUs: 128 - Mem: 503.7 GB (225.6 GB) - Swap: 0 (0)
Jun-27 15:29:15.689 [main] DEBUG nextflow.Session - Work-dir: /home/cdcadmin/wf-assembly-snps/work [ext2/ext3]
Jun-27 15:29:15.723 [main] DEBUG nextflow.executor.ExecutorFactory - Extension executors providers=[]
Jun-27 15:29:15.733 [main] DEBUG nextflow.Session - Observer factory: DefaultObserverFactory
Jun-27 15:29:15.795 [main] DEBUG nextflow.cache.CacheFactory - Using Nextflow cache factory: nextflow.cache.DefaultCacheFactory
Jun-27 15:29:15.804 [main] DEBUG nextflow.util.CustomThreadPool - Creating default thread pool > poolSize: 129; maxThreads: 1000
Jun-27 15:29:15.866 [main] DEBUG nextflow.Session - Session start
Jun-27 15:29:15.868 [main] DEBUG nextflow.trace.TraceFileObserver - Workflow started -- trace file: /home/cdcadmin/Downloads/bp_subset_100/results_resumed/pipeline_info/execution_trace_2025-06-27_15-29-15.txt
Jun-27 15:29:15.873 [main] DEBUG nextflow.Session - Using default localLib path: /home/cdcadmin/wf-assembly-snps/lib
Jun-27 15:29:15.876 [main] DEBUG nextflow.Session - Adding to the classpath library: /home/cdcadmin/wf-assembly-snps/lib
Jun-27 15:29:15.876 [main] DEBUG nextflow.Session - Adding to the classpath library: /home/cdcadmin/wf-assembly-snps/lib/nfcore_external_java_deps.jar
Jun-27 15:29:16.633 [main] DEBUG nextflow.script.ScriptRunner - > Launching execution
Jun-27 15:29:16.679 [main] INFO  nextflow.Nextflow - 

-[2m----------------------------------------------------[0m-
[0;34m     __         __ __ __     __            __     __  __    [0m
[0;34m|  ||_  __  /\ (_ (_ |_ |\/||__)|  \_/ __ (_ |\ ||__)(_ [0m
[0;34m|/\||      /--\__)__)|__|  ||__)|__ |     __)| \||   __) [0m

[0;32m       Identify SNPs from genome assemblies.               [0m


[0;35m     bacterial-genomics/wf-assembly-snps v1.0.2[0m
-[2m----------------------------------------------------[0m-
[1mCore Nextflow options[0m
  [0;34mrunName             : [0;32mdistraught_plateau[0m
  [0;34mcontainerEngine     : [0;32mdocker[0m
  [0;34mlaunchDir           : [0;32m/home/cdcadmin/wf-assembly-snps[0m
  [0;34mworkDir             : [0;32m/home/cdcadmin/wf-assembly-snps/work[0m
  [0;34mprojectDir          : [0;32m/home/cdcadmin/wf-assembly-snps[0m
  [0;34muserName            : [0;32mcdcadmin[0m
  [0;34mprofile             : [0;32mlarge_dataset[0m
  [0;34mconfigFiles         : [0;32m/home/cdcadmin/wf-assembly-snps/nextflow.config[0m

[1mInput/output options[0m
  [0;34minput               : [0;32m/home/cdcadmin/Downloads/bp_subset_100[0m
  [0;34mparsnp_outputs      : [0;32m./parsnp_outputs[0m
  [0;34moutdir              : [0;32m/home/cdcadmin/Downloads/bp_subset_100/results_resumed[0m

[1mAnalysis options[0m
  [0;34mrecombination       : [0;32mgubbins[0m

[1mProfile options[0m
  [0;34mprofile_cache_dir   : [0;32m/home/cdcadmin/wf-assembly-snps/assets/.cache[0m

[1mMax job request options[0m
  [0;34mmax_cpus            : [0;32m64[0m
  [0;34mmax_memory          : [0;32m480.GB[0m
  [0;34mmax_time            : [0;32m168.h[0m

[1mGeneric options[0m
  [0;34mtracedir            : [0;32m/home/cdcadmin/Downloads/bp_subset_100/results_resumed/pipeline_info[0m
  [0;34mprocess_log_dir     : [0;32m/home/cdcadmin/Downloads/bp_subset_100/results_resumed/pipeline_info/process_logs[0m
  [0;34mqc_filecheck_log_dir: [0;32m/home/cdcadmin/Downloads/bp_subset_100/results_resumed/pipeline_info/qc_file_checks[0m

!! Only displaying parameters that differ from the pipeline defaults !!
-[2m----------------------------------------------------[0m-
If you use bacterial-genomics/wf-assembly-snps for your analysis please cite:

* The nf-core framework
  https://doi.org/10.1038/s41587-020-0439-x

* Software dependencies
  https://github.com/bacterial-genomics/wf-assembly-snps/blob/main/CITATIONS.md
-[2m----------------------------------------------------[0m-
Jun-27 15:29:16.768 [main] WARN  nextflow.Nextflow - Found unexpected parameters:
* --skip_recombination: false
Jun-27 15:29:16.768 [main] INFO  nextflow.Nextflow - - [2mIgnore this warning: params.schema_ignore_params = "skip_recombination" [0m
Jun-27 15:29:17.837 [main] INFO  nextflow.Nextflow - === WORKFLOW PARAMETERS ===
Jun-27 15:29:17.838 [main] INFO  nextflow.Nextflow - Input: /home/cdcadmin/Downloads/bp_subset_100
Jun-27 15:29:17.838 [main] INFO  nextflow.Nextflow - Output directory: /home/cdcadmin/Downloads/bp_subset_100/results_resumed
Jun-27 15:29:17.839 [main] INFO  nextflow.Nextflow - ParSNP outputs: ./parsnp_outputs
Jun-27 15:29:17.839 [main] INFO  nextflow.Nextflow - SNP package: parsnp
Jun-27 15:29:17.840 [main] INFO  nextflow.Nextflow - Recombination: gubbins
Jun-27 15:29:17.840 [main] INFO  nextflow.Nextflow - ==========================
Jun-27 15:29:17.842 [main] INFO  nextflow.Nextflow - Skipping input preprocessing - using existing ParSNP outputs
Jun-27 15:29:17.842 [main] INFO  nextflow.Nextflow - Using existing ParSNP outputs from: ./parsnp_outputs
Jun-27 15:29:17.934 [main] DEBUG nextflow.script.ProcessConfig - Config settings `withLabel:process_low` matches labels `process_low` for process with name ASSEMBLY_SNPS:ASSEMBLY_SNPS_RESUME:CONVERT_GINGR_TO_FASTA_HARVESTTOOLS
Jun-27 15:29:17.936 [main] DEBUG nextflow.script.ProcessConfig - Config settings `withName:CONVERT_GINGR_TO_FASTA_HARVESTTOOLS` matches process ASSEMBLY_SNPS:ASSEMBLY_SNPS_RESUME:CONVERT_GINGR_TO_FASTA_HARVESTTOOLS
Jun-27 15:29:17.948 [main] DEBUG nextflow.executor.ExecutorFactory - << taskConfig executor: null
Jun-27 15:29:17.948 [main] DEBUG nextflow.executor.ExecutorFactory - >> processorType: 'local'
Jun-27 15:29:17.953 [main] DEBUG nextflow.executor.Executor - [warm up] executor > local
Jun-27 15:29:17.959 [main] DEBUG n.processor.LocalPollingMonitor - Creating local task monitor for executor 'local' > cpus=128; memory=503.7 GB; capacity=128; pollInterval=100ms; dumpInterval=5m
Jun-27 15:29:17.960 [main] DEBUG n.processor.TaskPollingMonitor - >>> barrier register (monitor: local)
Jun-27 15:29:18.027 [main] DEBUG nextflow.script.ProcessConfig - Config settings `withLabel:process_high_memory` matches labels `process_high_memory` for process with name ASSEMBLY_SNPS:ASSEMBLY_SNPS_RESUME:RECOMBINATION:RECOMBINATION_GUBBINS
Jun-27 15:29:18.027 [main] DEBUG nextflow.script.ProcessConfig - Config settings `withName:RECOMBINATION_GUBBINS` matches process ASSEMBLY_SNPS:ASSEMBLY_SNPS_RESUME:RECOMBINATION:RECOMBINATION_GUBBINS
Jun-27 15:29:18.029 [main] DEBUG nextflow.executor.ExecutorFactory - << taskConfig executor: null
Jun-27 15:29:18.030 [main] DEBUG nextflow.executor.ExecutorFactory - >> processorType: 'local'
Jun-27 15:29:18.042 [main] DEBUG nextflow.script.ProcessConfig - Config settings `withLabel:process_medium` matches labels `process_medium` for process with name ASSEMBLY_SNPS:ASSEMBLY_SNPS_RESUME:MASK_RECOMBINANT_POSITIONS_BIOPYTHON
Jun-27 15:29:18.043 [main] DEBUG nextflow.script.ProcessConfig - Config settings `withName:MASK_RECOMBINANT_POSITIONS_BIOPYTHON` matches process ASSEMBLY_SNPS:ASSEMBLY_SNPS_RESUME:MASK_RECOMBINANT_POSITIONS_BIOPYTHON
Jun-27 15:29:18.046 [main] DEBUG nextflow.executor.ExecutorFactory - << taskConfig executor: null
Jun-27 15:29:18.046 [main] DEBUG nextflow.executor.ExecutorFactory - >> processorType: 'local'
Jun-27 15:29:18.053 [main] DEBUG nextflow.script.ProcessConfig - Config settings `withLabel:process_medium` matches labels `process_medium` for process with name ASSEMBLY_SNPS:ASSEMBLY_SNPS_RESUME:CREATE_MASKED_SNP_DISTANCE_MATRIX_SNP_DISTS
Jun-27 15:29:18.054 [main] DEBUG nextflow.script.ProcessConfig - Config settings `withName:CREATE_MASKED_SNP_DISTANCE_MATRIX_SNP_DISTS` matches process ASSEMBLY_SNPS:ASSEMBLY_SNPS_RESUME:CREATE_MASKED_SNP_DISTANCE_MATRIX_SNP_DISTS
Jun-27 15:29:18.056 [main] DEBUG nextflow.executor.ExecutorFactory - << taskConfig executor: null
Jun-27 15:29:18.056 [main] DEBUG nextflow.executor.ExecutorFactory - >> processorType: 'local'
Jun-27 15:29:18.067 [main] DEBUG nextflow.script.ProcessConfig - Config settings `withLabel:process_high` matches labels `process_high` for process with name ASSEMBLY_SNPS:ASSEMBLY_SNPS_RESUME:BUILD_PHYLOGENETIC_TREE_PARSNP
Jun-27 15:29:18.068 [main] DEBUG nextflow.script.ProcessConfig - Config settings `withName:BUILD_PHYLOGENETIC_TREE_PARSNP` matches process ASSEMBLY_SNPS:ASSEMBLY_SNPS_RESUME:BUILD_PHYLOGENETIC_TREE_PARSNP
Jun-27 15:29:18.070 [main] DEBUG nextflow.executor.ExecutorFactory - << taskConfig executor: null
Jun-27 15:29:18.070 [main] DEBUG nextflow.executor.ExecutorFactory - >> processorType: 'local'
Jun-27 15:29:18.108 [main] DEBUG nextflow.Session - Workflow process names [dsl2]: ASSEMBLY_SNPS:ASSEMBLY_SNPS_RESUME:RECOMBINATION:RECOMBINATION_GUBBINS, REF_INFILE_HANDLING_UNIX, INFILE_HANDLING_UNIX, CONVERT_TSV_TO_EXCEL_PYTHON, CALCULATE_PAIRWISE_DISTANCES_SNP_DISTS, ASSEMBLY_SNPS:ASSEMBLY_SNPS_RESUME:CREATE_MASKED_SNP_DISTANCE_MATRIX_SNP_DISTS, RECOMBINATION_GUBBINS, CONVERT_SAMPLESHEET_PYTHON, CREATE_EXCEL_RUN_SUMMARY_PYTHON, CREATE_SNP_DISTANCE_MATRIX_SNP_DISTS, ASSEMBLY_SNPS:ASSEMBLY_SNPS_RESUME:CONVERT_GINGR_TO_FASTA_HARVESTTOOLS, CREATE_MASKED_SNP_DISTANCE_MATRIX_SNP_DISTS, CONVERT_GINGR_TO_FASTA_HARVESTTOOLS, MASK_RECOMBINANT_POSITIONS_BIOPYTHON, CORE_GENOME_ALIGNMENT_PARSNP, ASSEMBLY_SNPS:ASSEMBLY_SNPS_RESUME:MASK_RECOMBINANT_POSITIONS_BIOPYTHON, ASSEMBLY_SNPS:ASSEMBLY_SNPS_RESUME:BUILD_PHYLOGENETIC_TREE_PARSNP, BUILD_PHYLOGENETIC_TREE_PARSNP, RECOMBINATION_CLONALFRAMEML
Jun-27 15:29:18.129 [main] WARN  nextflow.Session - There's no process matching config selector: ASSEMBLY_SNPS:RECOMBINATION:RECOMBINATION_GUBBINS
Jun-27 15:29:18.130 [main] WARN  nextflow.Session - There's no process matching config selector: ASSEMBLY_SNPS:CORE_GENOME_ALIGNMENT_PARSNP
Jun-27 15:29:18.130 [main] WARN  nextflow.Session - There's no process matching config selector: ASSEMBLY_SNPS:BUILD_PHYLOGENETIC_TREE_PARSNP
Jun-27 15:29:18.132 [main] DEBUG nextflow.Session - Igniting dataflow network (15)
Jun-27 15:29:18.136 [PathVisitor-1] DEBUG nextflow.file.PathVisitor - files for syntax: glob; folder: ./parsnp_outputs/; pattern: *; options: [:]
Jun-27 15:29:18.137 [main] DEBUG nextflow.processor.TaskProcessor - Starting process > ASSEMBLY_SNPS:ASSEMBLY_SNPS_RESUME:CONVERT_GINGR_TO_FASTA_HARVESTTOOLS
Jun-27 15:29:18.138 [PathVisitor-2] DEBUG nextflow.file.PathVisitor - files for syntax: glob; folder: ./parsnp_outputs/; pattern: *.SNP_Distances_Matrix.tsv; options: [:]
Jun-27 15:29:18.138 [main] DEBUG nextflow.processor.TaskProcessor - Starting process > ASSEMBLY_SNPS:ASSEMBLY_SNPS_RESUME:RECOMBINATION:RECOMBINATION_GUBBINS
Jun-27 15:29:18.138 [main] DEBUG nextflow.processor.TaskProcessor - Starting process > ASSEMBLY_SNPS:ASSEMBLY_SNPS_RESUME:MASK_RECOMBINANT_POSITIONS_BIOPYTHON
Jun-27 15:29:18.139 [main] DEBUG nextflow.processor.TaskProcessor - Starting process > ASSEMBLY_SNPS:ASSEMBLY_SNPS_RESUME:CREATE_MASKED_SNP_DISTANCE_MATRIX_SNP_DISTS
Jun-27 15:29:18.139 [main] DEBUG nextflow.processor.TaskProcessor - Starting process > ASSEMBLY_SNPS:ASSEMBLY_SNPS_RESUME:BUILD_PHYLOGENETIC_TREE_PARSNP
Jun-27 15:29:18.140 [main] DEBUG nextflow.script.ScriptRunner - Parsed script files:
  Script_daab3931d6dbebc6: /home/cdcadmin/wf-assembly-snps/./workflows/../modules/local/convert_tsv_to_excel_python/main.nf
  Script_dcf838433c2ae4c2: /home/cdcadmin/wf-assembly-snps/./workflows/../modules/local/convert_gingr_to_fasta_harvesttools/main.nf
  Script_92a8fd2e65506f13: /home/cdcadmin/wf-assembly-snps/./workflows/../modules/local/create_excel_run_summary_python/main.nf
  Script_bdfe511ac4c90ab8: /home/cdcadmin/wf-assembly-snps/./workflows/../subworkflows/local/recombination.nf
  Script_be748a6dbf6992d5: /home/cdcadmin/wf-assembly-snps/./workflows/../modules/local/core_genome_alignment_parsnp/main.nf
  Script_2511b35efa42a783: /home/cdcadmin/wf-assembly-snps/./workflows/../subworkflows/local/../../modules/local/recombination_gubbins/main.nf
  Script_b9ab49f20dd212c4: /home/cdcadmin/wf-assembly-snps/./workflows/../modules/local/create_snp_distance_matrix_snp_dists/main.nf
  Script_d07a09c54728bf6d: /home/cdcadmin/wf-assembly-snps/main.nf
  Script_53b40eb3093c3510: /home/cdcadmin/wf-assembly-snps/./workflows/../subworkflows/local/input_check.nf
  Script_30224b4410519b3a: /home/cdcadmin/wf-assembly-snps/./workflows/../modules/local/mask_recombinant_positions_biopython/main.nf
  Script_05e55c2bb47079b7: /home/cdcadmin/wf-assembly-snps/./workflows/assembly_snps.nf
  Script_6ef5bdac66e9e392: /home/cdcadmin/wf-assembly-snps/./workflows/../modules/local/build_phylogenetic_tree_parsnp/main.nf
  Script_5fe74d10bc089bcc: /home/cdcadmin/wf-assembly-snps/./workflows/../modules/local/calculate_pairwise_distances_snp_dists/main.nf
  Script_40fb9d8af3f8dec5: /home/cdcadmin/wf-assembly-snps/./workflows/../subworkflows/local/../../modules/local/recombination_clonalframeml/main.nf
  Script_e98f7bebdf7d3a01: /home/cdcadmin/wf-assembly-snps/./workflows/../modules/local/create_masked_snp_distance_matrix_snp_dists/main.nf
  Script_b712480f57627fb6: /home/cdcadmin/wf-assembly-snps/./workflows/../modules/local/infile_handling_unix/main.nf
  Script_cf92b0cfd5970f35: /home/cdcadmin/wf-assembly-snps/./workflows/../subworkflows/local/../../modules/local/convert_samplesheet_python/main.nf
Jun-27 15:29:18.140 [main] DEBUG nextflow.script.ScriptRunner - > Awaiting termination 
Jun-27 15:29:18.140 [main] DEBUG nextflow.Session - Session await
Jun-27 15:29:18.301 [Task submitter] DEBUG n.executor.local.LocalTaskHandler - Launch cmd line: /bin/bash -ue .command.run
Jun-27 15:29:18.303 [Task submitter] INFO  nextflow.Session - [4e/adeec6] Submitted process > ASSEMBLY_SNPS:ASSEMBLY_SNPS_RESUME:CONVERT_GINGR_TO_FASTA_HARVESTTOOLS (Parsnp)
Jun-27 15:34:18.147 [Task monitor] DEBUG n.processor.TaskPollingMonitor - !! executor local > tasks to be completed: 1 -- submitted tasks are shown below
~> TaskHandler[id: 1; name: ASSEMBLY_SNPS:ASSEMBLY_SNPS_RESUME:CONVERT_GINGR_TO_FASTA_HARVESTTOOLS (Parsnp); status: RUNNING; exit: -; error: -; workDir: /home/cdcadmin/wf-assembly-snps/work/4e/adeec62f396d0c6b308d3f3c31049c]
Jun-27 15:39:18.174 [Task monitor] DEBUG n.processor.TaskPollingMonitor - !! executor local > tasks to be completed: 1 -- submitted tasks are shown below
~> TaskHandler[id: 1; name: ASSEMBLY_SNPS:ASSEMBLY_SNPS_RESUME:CONVERT_GINGR_TO_FASTA_HARVESTTOOLS (Parsnp); status: RUNNING; exit: -; error: -; workDir: /home/cdcadmin/wf-assembly-snps/work/4e/adeec62f396d0c6b308d3f3c31049c]
Jun-27 15:44:06.349 [Task monitor] DEBUG n.processor.TaskPollingMonitor - Task completed > TaskHandler[id: 1; name: ASSEMBLY_SNPS:ASSEMBLY_SNPS_RESUME:CONVERT_GINGR_TO_FASTA_HARVESTTOOLS (Parsnp); status: COMPLETED; exit: 0; error: -; workDir: /home/cdcadmin/wf-assembly-snps/work/4e/adeec62f396d0c6b308d3f3c31049c]
Jun-27 15:44:06.350 [Task monitor] DEBUG nextflow.util.ThreadPoolBuilder - Creating thread pool 'TaskFinalizer' minSize=10; maxSize=384; workQueue=LinkedBlockingQueue[10000]; allowCoreThreadTimeout=false
Jun-27 15:44:06.396 [TaskFinalizer-1] DEBUG nextflow.util.ThreadPoolBuilder - Creating thread pool 'PublishDir' minSize=10; maxSize=384; workQueue=LinkedBlockingQueue[10000]; allowCoreThreadTimeout=false
Jun-27 15:44:06.452 [Task submitter] DEBUG n.executor.local.LocalTaskHandler - Launch cmd line: /bin/bash -ue .command.run
Jun-27 15:44:06.452 [Task submitter] INFO  nextflow.Session - [c5/988fa8] Submitted process > ASSEMBLY_SNPS:ASSEMBLY_SNPS_RESUME:RECOMBINATION:RECOMBINATION_GUBBINS (Parsnp)
Jun-27 15:44:18.261 [Task monitor] DEBUG n.processor.TaskPollingMonitor - !! executor local > tasks to be completed: 1 -- submitted tasks are shown below
~> TaskHandler[id: 2; name: ASSEMBLY_SNPS:ASSEMBLY_SNPS_RESUME:RECOMBINATION:RECOMBINATION_GUBBINS (Parsnp); status: RUNNING; exit: -; error: -; workDir: /home/cdcadmin/wf-assembly-snps/work/c5/988fa85b0fde58b1dcf842bb4a0c05]
Jun-27 15:49:18.319 [Task monitor] DEBUG n.processor.TaskPollingMonitor - !! executor local > tasks to be completed: 1 -- submitted tasks are shown below
~> TaskHandler[id: 2; name: ASSEMBLY_SNPS:ASSEMBLY_SNPS_RESUME:RECOMBINATION:RECOMBINATION_GUBBINS (Parsnp); status: RUNNING; exit: -; error: -; workDir: /home/cdcadmin/wf-assembly-snps/work/c5/988fa85b0fde58b1dcf842bb4a0c05]
Jun-27 15:50:56.146 [Task monitor] DEBUG n.processor.TaskPollingMonitor - Task completed > TaskHandler[id: 2; name: ASSEMBLY_SNPS:ASSEMBLY_SNPS_RESUME:RECOMBINATION:RECOMBINATION_GUBBINS (Parsnp); status: COMPLETED; exit: 135; error: -; workDir: /home/cdcadmin/wf-assembly-snps/work/c5/988fa85b0fde58b1dcf842bb4a0c05]
Jun-27 15:50:56.151 [TaskFinalizer-2] DEBUG nextflow.processor.TaskProcessor - Handling unexpected condition for
  task: name=ASSEMBLY_SNPS:ASSEMBLY_SNPS_RESUME:RECOMBINATION:RECOMBINATION_GUBBINS (Parsnp); work-dir=/home/cdcadmin/wf-assembly-snps/work/c5/988fa85b0fde58b1dcf842bb4a0c05
  error [nextflow.exception.ProcessFailedException]: Process `ASSEMBLY_SNPS:ASSEMBLY_SNPS_RESUME:RECOMBINATION:RECOMBINATION_GUBBINS (Parsnp)` terminated with an error exit status (135)
Jun-27 15:50:56.160 [TaskFinalizer-2] INFO  nextflow.processor.TaskProcessor - [c5/988fa8] NOTE: Process `ASSEMBLY_SNPS:ASSEMBLY_SNPS_RESUME:RECOMBINATION:RECOMBINATION_GUBBINS (Parsnp)` terminated with an error exit status (135) -- Execution is retried (1)
Jun-27 15:50:56.176 [Task submitter] DEBUG n.executor.local.LocalTaskHandler - Launch cmd line: /bin/bash -ue .command.run
Jun-27 15:50:56.177 [Task submitter] INFO  nextflow.Session - [3b/2f3b40] Re-submitted process > ASSEMBLY_SNPS:ASSEMBLY_SNPS_RESUME:RECOMBINATION:RECOMBINATION_GUBBINS (Parsnp)
Jun-27 15:52:47.318 [Task monitor] DEBUG n.processor.TaskPollingMonitor - Task completed > TaskHandler[id: 3; name: ASSEMBLY_SNPS:ASSEMBLY_SNPS_RESUME:RECOMBINATION:RECOMBINATION_GUBBINS (Parsnp); status: COMPLETED; exit: 135; error: -; workDir: /home/cdcadmin/wf-assembly-snps/work/3b/2f3b40b6540df49fa8c64a50abb27a]
Jun-27 15:52:47.319 [TaskFinalizer-3] DEBUG nextflow.processor.TaskProcessor - Handling unexpected condition for
  task: name=ASSEMBLY_SNPS:ASSEMBLY_SNPS_RESUME:RECOMBINATION:RECOMBINATION_GUBBINS (Parsnp); work-dir=/home/cdcadmin/wf-assembly-snps/work/3b/2f3b40b6540df49fa8c64a50abb27a
  error [nextflow.exception.ProcessFailedException]: Process `ASSEMBLY_SNPS:ASSEMBLY_SNPS_RESUME:RECOMBINATION:RECOMBINATION_GUBBINS (Parsnp)` terminated with an error exit status (135)
Jun-27 15:52:47.320 [TaskFinalizer-3] INFO  nextflow.processor.TaskProcessor - [3b/2f3b40] NOTE: Process `ASSEMBLY_SNPS:ASSEMBLY_SNPS_RESUME:RECOMBINATION:RECOMBINATION_GUBBINS (Parsnp)` terminated with an error exit status (135) -- Execution is retried (2)
Jun-27 15:52:47.331 [Task submitter] DEBUG n.executor.local.LocalTaskHandler - Launch cmd line: /bin/bash -ue .command.run
Jun-27 15:52:47.331 [Task submitter] INFO  nextflow.Session - [35/b15b1b] Re-submitted process > ASSEMBLY_SNPS:ASSEMBLY_SNPS_RESUME:RECOMBINATION:RECOMBINATION_GUBBINS (Parsnp)
Jun-27 15:54:18.393 [Task monitor] DEBUG n.processor.TaskPollingMonitor - !! executor local > tasks to be completed: 1 -- submitted tasks are shown below
~> TaskHandler[id: 4; name: ASSEMBLY_SNPS:ASSEMBLY_SNPS_RESUME:RECOMBINATION:RECOMBINATION_GUBBINS (Parsnp); status: RUNNING; exit: -; error: -; workDir: /home/cdcadmin/wf-assembly-snps/work/35/b15b1ba94985f64f96d97dbd696340]
Jun-27 15:54:39.024 [Task monitor] DEBUG n.processor.TaskPollingMonitor - Task completed > TaskHandler[id: 4; name: ASSEMBLY_SNPS:ASSEMBLY_SNPS_RESUME:RECOMBINATION:RECOMBINATION_GUBBINS (Parsnp); status: COMPLETED; exit: 135; error: -; workDir: /home/cdcadmin/wf-assembly-snps/work/35/b15b1ba94985f64f96d97dbd696340]
Jun-27 15:54:39.025 [TaskFinalizer-4] DEBUG nextflow.processor.TaskProcessor - Handling unexpected condition for
  task: name=ASSEMBLY_SNPS:ASSEMBLY_SNPS_RESUME:RECOMBINATION:RECOMBINATION_GUBBINS (Parsnp); work-dir=/home/cdcadmin/wf-assembly-snps/work/35/b15b1ba94985f64f96d97dbd696340
  error [nextflow.exception.ProcessFailedException]: Process `ASSEMBLY_SNPS:ASSEMBLY_SNPS_RESUME:RECOMBINATION:RECOMBINATION_GUBBINS (Parsnp)` terminated with an error exit status (135)
Jun-27 15:54:39.037 [TaskFinalizer-4] ERROR nextflow.processor.TaskProcessor - Error executing process > 'ASSEMBLY_SNPS:ASSEMBLY_SNPS_RESUME:RECOMBINATION:RECOMBINATION_GUBBINS (Parsnp)'

Caused by:
  Process `ASSEMBLY_SNPS:ASSEMBLY_SNPS_RESUME:RECOMBINATION:RECOMBINATION_GUBBINS (Parsnp)` terminated with an error exit status (135)


Command executed:

  source bash_functions.sh
  
  msg "INFO: Performing recombination using Gubbins."
  
  # Set memory limits and optimizations for large datasets
  export OMP_NUM_THREADS=64
  export MALLOC_ARENA_MAX=4
  
  # Set memory-related environment variables for better memory management
  export MALLOC_MMAP_THRESHOLD_=131072
  export MALLOC_TRIM_THRESHOLD_=131072
  export MALLOC_TOP_PAD_=131072
  export MALLOC_MMAP_MAX_=65536
  
  # Don't set ulimit -v as it can cause bus errors with large datasets
  # ulimit -v $((491520 * 1024))
  
  run_gubbins.py       --starting-tree "Parsnp.tree"       --prefix "Parsnp-Gubbins"       --threads 64       --verbose       "Parsnp.Core_Alignment.fasta"
  
  # Check if output files exist before renaming
  if [[ -f "Parsnp-Gubbins.recombination_predictions.gff" ]]; then
      mv "Parsnp-Gubbins.recombination_predictions.gff"           "Parsnp-Gubbins.recombination_positions.txt"
  else
      msg "ERROR: Gubbins recombination predictions file not found"
      exit 1
  fi
  
  if [[ -f "Parsnp-Gubbins.node_labelled.final_tree.tre" ]]; then
      mv "Parsnp-Gubbins.node_labelled.final_tree.tre"           "Parsnp-Gubbins.labelled_tree.tree"
  else
      msg "ERROR: Gubbins tree file not found"
      exit 1
  fi
  
  cat <<-END_VERSIONS > versions.yml
  "ASSEMBLY_SNPS:ASSEMBLY_SNPS_RESUME:RECOMBINATION:RECOMBINATION_GUBBINS":
      gubbins: $(run_gubbins.py --version | sed 's/^/    /')
  END_VERSIONS

Command exit status:
  135

Command output:
  Sample IP-0053-9_S3_L001-SPAdes.fasta has missing data percentage of 0.22879993749761843
  Sample IE-0014_S8_L001-SPAdes.fasta has missing data percentage of 0.2280090714729592
  Sample GCA_963568055_1.fasta has missing data percentage of 0.2283445903925116
  Sample IP-0177-6_S2-SPAdes.fasta has missing data percentage of 0.22985442553049734
  Sample IP-0055-4_S5_L001-SPAdes.fasta has missing data percentage of 0.2276975181905177
  Sample IP-0191-7_S6-SPAdes.fasta has missing data percentage of 0.22937511278827966
  Sample GCA_963568785_1.fasta has missing data percentage of 0.22702648035141293
  Sample Burkholderia_pseudomallei_2011756296_GCF_002110985_1_USA_Puerto_Rico.fasta has missing data percentage of 0.2281768309327354
  Sample IP-0023-2_S3_L001-SPAdes.fasta has missing data percentage of 0.22937511278827966
  Sample IP-0110-7_S10_L001-SPAdes.fasta has missing data percentage of 0.22824872784406805
  Sample IE-0016_S10_L001-SPAdes.fasta has missing data percentage of 0.22810493402140275
  Sample IP-0095-0_S7_L001-SPAdes.fasta has missing data percentage of 0.22918338769139257
  Sample IP-0195-8_S10-SPAdes.fasta has missing data percentage of 0.22822476220695717
  Sample IE-0004_S9_L001-SPAdes.fasta has missing data percentage of 0.22827269348117896
  Sample IP-0168-5_S3-SPAdes.fasta has missing data percentage of 0.22791320892451566
  Sample Burkholderia_pseudomallei_619s005_GCF_001207785_2_Malaysia.fasta has missing data percentage of 0.22906355950583815
  Sample IP-0139-6_S9_L001-SPAdes.fasta has missing data percentage of 0.2280090714729592
  Sample IE-0026_S8-SPAdes.fasta has missing data percentage of 0.22858424676362046
  Sample IE-0015_S9_L001-SPAdes.fasta has missing data percentage of 0.22899166259450549
  Sample GCA_963561915_1.fasta has missing data percentage of 0.2267388927060823
  Sample Burkholderia_pseudomallei_ABCPW_107_GCF_000773235_1_Australia.fasta has missing data percentage of 0.22570837031031427
  Sample ERS012303.fasta has missing data percentage of 0.2288239031347293
  Sample IP-0097-6_S9_L001-SPAdes.fasta has missing data percentage of 0.22858424676362046
  Sample IP-0183-4_S8-SPAdes.fasta has missing data percentage of 0.22908752514294903
  Sample GCA_963561435_1.fasta has missing data percentage of 0.22949494097383408
  Sample IP-0160-2_S10_L001-SPAdes.fasta has missing data percentage of 0.22879993749761843
  Sample GCA_963562795_1.fasta has missing data percentage of 0.22951890661094496
  Sample GCA_963566495_1.fasta has missing data percentage of 0.22887183440895106
  Sample IE-0018_S12_L001-SPAdes.fasta has missing data percentage of 0.22731406799674356
  Sample IP-0006-7_S6_L001-SPAdes.fasta has missing data percentage of 0.22808096838429187
  Sample IP-0021-6_S1_L001-SPAdes.fasta has missing data percentage of 0.22810493402140275
  Sample Burkholderia_pseudomallei_53W_S72_GCF_014712895_1_Laos.fasta has missing data percentage of 0.22918338769139257
  Sample GCA_963563525_1.fasta has missing data percentage of 0.22752975873074152
  ...done. Run time: 63.75 s
  
  Running Gubbins to detect SNPs...
  gubbins tmpn58dttse/Parsnp.Core_Alignment.fasta
  ...done. Run time: 101.05 s
  
  Entering the main loop.
  
  *** Iteration 1 ***
  
  Copying the starting tree...
  ...done. Run time: 102.68 s
  
  Reconstructing ancestral sequences with pyjar...
  Trying to open file Parsnp.Core_Alignment.fasta.start as fasta
  Alignment read successfully
  Finding unique base patterns

Command error:
  Sample IE-0014_S8_L001-SPAdes.fasta has missing data percentage of 0.2280090714729592
  Sample GCA_963568055_1.fasta has missing data percentage of 0.2283445903925116
  Sample IP-0177-6_S2-SPAdes.fasta has missing data percentage of 0.22985442553049734
  Sample IP-0055-4_S5_L001-SPAdes.fasta has missing data percentage of 0.2276975181905177
  Sample IP-0191-7_S6-SPAdes.fasta has missing data percentage of 0.22937511278827966
  Sample GCA_963568785_1.fasta has missing data percentage of 0.22702648035141293
  Sample Burkholderia_pseudomallei_2011756296_GCF_002110985_1_USA_Puerto_Rico.fasta has missing data percentage of 0.2281768309327354
  Sample IP-0023-2_S3_L001-SPAdes.fasta has missing data percentage of 0.22937511278827966
  Sample IP-0110-7_S10_L001-SPAdes.fasta has missing data percentage of 0.22824872784406805
  Sample IE-0016_S10_L001-SPAdes.fasta has missing data percentage of 0.22810493402140275
  Sample IP-0095-0_S7_L001-SPAdes.fasta has missing data percentage of 0.22918338769139257
  Sample IP-0195-8_S10-SPAdes.fasta has missing data percentage of 0.22822476220695717
  Sample IE-0004_S9_L001-SPAdes.fasta has missing data percentage of 0.22827269348117896
  Sample IP-0168-5_S3-SPAdes.fasta has missing data percentage of 0.22791320892451566
  Sample Burkholderia_pseudomallei_619s005_GCF_001207785_2_Malaysia.fasta has missing data percentage of 0.22906355950583815
  Sample IP-0139-6_S9_L001-SPAdes.fasta has missing data percentage of 0.2280090714729592
  Sample IE-0026_S8-SPAdes.fasta has missing data percentage of 0.22858424676362046
  Sample IE-0015_S9_L001-SPAdes.fasta has missing data percentage of 0.22899166259450549
  Sample GCA_963561915_1.fasta has missing data percentage of 0.2267388927060823
  Sample Burkholderia_pseudomallei_ABCPW_107_GCF_000773235_1_Australia.fasta has missing data percentage of 0.22570837031031427
  Sample ERS012303.fasta has missing data percentage of 0.2288239031347293
  Sample IP-0097-6_S9_L001-SPAdes.fasta has missing data percentage of 0.22858424676362046
  Sample IP-0183-4_S8-SPAdes.fasta has missing data percentage of 0.22908752514294903
  Sample GCA_963561435_1.fasta has missing data percentage of 0.22949494097383408
  Sample IP-0160-2_S10_L001-SPAdes.fasta has missing data percentage of 0.22879993749761843
  Sample GCA_963562795_1.fasta has missing data percentage of 0.22951890661094496
  Sample GCA_963566495_1.fasta has missing data percentage of 0.22887183440895106
  Sample IE-0018_S12_L001-SPAdes.fasta has missing data percentage of 0.22731406799674356
  Sample IP-0006-7_S6_L001-SPAdes.fasta has missing data percentage of 0.22808096838429187
  Sample IP-0021-6_S1_L001-SPAdes.fasta has missing data percentage of 0.22810493402140275
  Sample Burkholderia_pseudomallei_53W_S72_GCF_014712895_1_Laos.fasta has missing data percentage of 0.22918338769139257
  Sample GCA_963563525_1.fasta has missing data percentage of 0.22752975873074152
  ...done. Run time: 63.75 s
  
  Running Gubbins to detect SNPs...
  gubbins tmpn58dttse/Parsnp.Core_Alignment.fasta
  ...done. Run time: 101.05 s
  
  Entering the main loop.
  
  *** Iteration 1 ***
  
  Copying the starting tree...
  ...done. Run time: 102.68 s
  
  Reconstructing ancestral sequences with pyjar...
  Trying to open file Parsnp.Core_Alignment.fasta.start as fasta
  Alignment read successfully
  Finding unique base patterns
  .command.sh: line 19:    33 Bus error               run_gubbins.py --starting-tree "Parsnp.tree" --prefix "Parsnp-Gubbins" --threads 64 --verbose "Parsnp.Core_Alignment.fasta"

Work dir:
  /home/cdcadmin/wf-assembly-snps/work/35/b15b1ba94985f64f96d97dbd696340

Tip: when you have fixed the problem you can continue the execution adding the option `-resume` to the run command line
Jun-27 15:54:39.042 [TaskFinalizer-4] DEBUG nextflow.Session - Session aborted -- Cause: Process `ASSEMBLY_SNPS:ASSEMBLY_SNPS_RESUME:RECOMBINATION:RECOMBINATION_GUBBINS (Parsnp)` terminated with an error exit status (135)
Jun-27 15:54:39.045 [main] DEBUG nextflow.Session - Session await > all processes finished
Jun-27 15:54:39.058 [TaskFinalizer-4] DEBUG nextflow.Session - The following nodes are still active:
  [operator] collect
  [operator] mix

Jun-27 15:54:39.059 [main] DEBUG nextflow.Session - Session await > all barriers passed
Jun-27 15:54:39.060 [Task monitor] DEBUG n.processor.TaskPollingMonitor - <<< barrier arrives (monitor: local) - terminating tasks monitor poll loop
Jun-27 15:54:39.063 [Actor Thread 126] DEBUG nextflow.sort.BigSort - Sort completed -- entries: 1; slices: 1; internal sort time: 0.001 s; external sort time: 0.014 s; total time: 0.015 s
Jun-27 15:54:39.063 [Actor Thread 129] DEBUG nextflow.sort.BigSort - Sort completed -- entries: 1; slices: 1; internal sort time: 0.001 s; external sort time: 0.014 s; total time: 0.015 s
Jun-27 15:54:39.064 [main] INFO  nextflow.Nextflow - -[0;35m[bacterial-genomics/wf-assembly-snps][0;31m Pipeline completed with errors[0m-
Jun-27 15:54:39.064 [Actor Thread 126] DEBUG nextflow.file.FileCollector - >> temp file exists? false
Jun-27 15:54:39.064 [Actor Thread 129] DEBUG nextflow.file.FileCollector - >> temp file exists? false
Jun-27 15:54:39.065 [Actor Thread 126] DEBUG nextflow.file.FileCollector - Missed collect-file cache -- cause: java.nio.file.NoSuchFileException: /home/cdcadmin/wf-assembly-snps/work/collect-file/ed6fab0dad77d8ee1dc1071ecfb743c1
Jun-27 15:54:39.065 [Actor Thread 129] DEBUG nextflow.file.FileCollector - Missed collect-file cache -- cause: java.nio.file.NoSuchFileException: /home/cdcadmin/wf-assembly-snps/work/collect-file/dcf3b98be5bb6eebaedbac3f804a1101
Jun-27 15:54:39.068 [main] DEBUG n.trace.WorkflowStatsObserver - Workflow completed > WorkflowStats[succeededCount=1; failedCount=3; ignoredCount=0; cachedCount=0; pendingCount=0; submittedCount=0; runningCount=0; retriesCount=2; abortedCount=0; succeedDuration=2h 26m 20s; failedDuration=7h 36m; cachedDuration=0ms;loadCpus=0; loadMemory=0; peakRunning=1; peakCpus=64; peakMemory=480 GB; ]
Jun-27 15:54:39.068 [main] DEBUG nextflow.trace.TraceFileObserver - Workflow completed -- saving trace file
Jun-27 15:54:39.069 [main] DEBUG nextflow.trace.ReportObserver - Workflow completed -- rendering execution report
Jun-27 15:54:39.070 [Actor Thread 129] DEBUG nextflow.file.FileCollector - Saved collect-files list to: /home/cdcadmin/wf-assembly-snps/work/collect-file/dcf3b98be5bb6eebaedbac3f804a1101
Jun-27 15:54:39.070 [Actor Thread 126] DEBUG nextflow.file.FileCollector - Saved collect-files list to: /home/cdcadmin/wf-assembly-snps/work/collect-file/ed6fab0dad77d8ee1dc1071ecfb743c1
Jun-27 15:54:39.076 [Actor Thread 126] DEBUG nextflow.file.FileCollector - Deleting file collector temp dir: /tmp/nxf-4022457122936703425
Jun-27 15:54:39.076 [Actor Thread 129] DEBUG nextflow.file.FileCollector - Deleting file collector temp dir: /tmp/nxf-14719468876839628877
Jun-27 15:54:39.478 [main] DEBUG nextflow.trace.TimelineObserver - Workflow completed -- rendering execution timeline
Jun-27 15:54:39.557 [main] DEBUG nextflow.cache.CacheDB - Closing CacheDB done
Jun-27 15:54:39.569 [main] DEBUG nextflow.script.ScriptRunner - > Execution complete -- Goodbye
