03:06:41 - [1;37mINFO[0m - |--Parsnp 2.0.3--|

03:06:41 - [1;37mINFO[0m - 
***********************
SETTINGS:
|-refgenome:	GCA_002598005.1_ASM259800v1.fna
|-genomes:	
	genomes/GCF_000819615.1_ViralProj14015.fna
	genomes/GCA_002587385.1_ASM258738v1.fna
	genomes/GCA_002596765.1_ASM259676v1.fna
|-aligner:	muscle
|-outdir:	Parsnp
|-OS:	Linux
|-threads:	2
***********************
    
03:06:41 - [1;37mINFO[0m - <<Parsnp started>>
03:06:41 - [1;37mINFO[0m - No genbank file provided for reference annotations, skipping..
03:06:41 - [1;34mDEBUG[0m - Writing .ini file
03:06:41 - [1;37mINFO[0m - Running Parsnp multi-MUM search and libMUSCLE aligner...
03:06:41 - [1;34mDEBUG[0m - time /usr/local/bin/bin/parsnp_core Parsnp/parsnpAligner.ini
03:06:41 - [1;34mDEBUG[0m - STDOUT was piped... please see output file:	 Parsnp/log/parsnp-aligner.out
03:06:41 - [1;34mDEBUG[0m - STDERR was piped... please see output file:	 Parsnp/log/parsnp-aligner.err
03:06:41 - [1;34mDEBUG[0m - 
03:06:41 - [1;34mDEBUG[0m - harvesttools -q -o Parsnp/parsnp.ggr -f Parsnp/GCA_002598005.1_ASM259800v1.fna.ref -x Parsnp/parsnp.xmfa
03:06:41 - [1;34mDEBUG[0m - 
03:06:41 - [1;34mDEBUG[0m - 
03:06:41 - [1;34mDEBUG[0m - 
03:06:41 - [1;34mDEBUG[0m - time harvesttools -i Parsnp/parsnp.ggr -S Parsnp/parsnp.snps.mblocks
03:06:41 - [1;34mDEBUG[0m - STDOUT was piped... please see output file:	 Parsnp/log/harvest-mblocks.out
03:06:41 - [1;34mDEBUG[0m - STDERR was piped... please see output file:	 Parsnp/log/harvest-mblocks.err
03:06:41 - [1;34mDEBUG[0m - 
03:06:41 - [1;37mINFO[0m - Reconstructing core genome phylogeny...
03:06:41 - [1;34mDEBUG[0m - time FastTreeMP -nt -quote -gamma -slow -boot 100 Parsnp/parsnp.snps.mblocks
03:06:41 - [1;34mDEBUG[0m - STDOUT was piped... please see output file:	 Parsnp/log/fasttree.out
03:06:41 - [1;34mDEBUG[0m - STDERR was piped... please see output file:	 Parsnp/log/fasttree.err
03:06:41 - [1;34mDEBUG[0m - 
03:06:41 - [1;37mINFO[0m - Aligned 3 genomes in 0.12 seconds
03:06:41 - [1;37mINFO[0m - Parsnp finished! All output available in Parsnp
03:06:41 - [1;34mDEBUG[0m - Validating output directory contents
03:06:41 - [1;31mERROR[0m - parsnp.tree:		newick format tree is missing!
03:06:42 - [1;37mINFO[0m - |--Parsnp 2.0.3--|

